<?xml version="1.0" encoding="UTF-8"?>
<!-- Generated by org.testng.reporters.JUnitReportReporter -->
<testsuite hostname="ULTP_314" name="ForgotPassword.TableTracker" tests="1" failures="0" timestamp="9 Jul 2014 09:22:52 GMT" time="31.233" errors="0">
  <testcase name="searchForCreatedLocation" time="31.233" classname="ForgotPassword.TableTracker"/>
</testsuite> <!-- ForgotPassword.TableTracker -->
