<?xml version="1.0" encoding="UTF-8"?>
<!-- Generated by org.testng.reporters.JUnitReportReporter -->
<testsuite hostname="ULTP_314" name="ForgotPassword.AddUsers" tests="5" failures="0" timestamp="9 Jul 2014 09:22:52 GMT" time="76.386" errors="0">
  <testcase name="delUser" time="15.439" classname="ForgotPassword.AddUsers"/>
  <testcase name="confirmDelUser" time="8.406" classname="ForgotPassword.AddUsers"/>
  <testcase name="changePass" time="5.832" classname="ForgotPassword.AddUsers"/>
  <testcase name="addUsers" time="34.670" classname="ForgotPassword.AddUsers"/>
  <testcase name="checkUserAddition" time="12.039" classname="ForgotPassword.AddUsers"/>
</testsuite> <!-- ForgotPassword.AddUsers -->
