<?xml version="1.0" encoding="UTF-8"?>
<!-- Generated by org.testng.reporters.JUnitReportReporter -->
<testsuite hostname="ULTP_314" name="ForgotPassword.LoginTest" tests="4" failures="0" timestamp="9 Jul 2014 09:22:52 GMT" time="38.093" errors="0">
  <testcase name="Login" time="9.546" classname="ForgotPassword.LoginTest"/>
  <testcase name="Login" time="9.575" classname="ForgotPassword.LoginTest"/>
  <testcase name="Login" time="9.515" classname="ForgotPassword.LoginTest"/>
  <testcase name="Login" time="9.457" classname="ForgotPassword.LoginTest"/>
</testsuite> <!-- ForgotPassword.LoginTest -->
