<?xml version="1.0" encoding="UTF-8"?>
<!-- Generated by org.testng.reporters.JUnitReportReporter -->
<testsuite hostname="ULTP_314" name="ForgotPassword.Functions" tests="5" failures="0" timestamp="9 Jul 2014 09:22:52 GMT" time="24.927" errors="0">
  <testcase name="resetButton" time="5.148" classname="ForgotPassword.Functions"/>
  <testcase name="EmailField" time="5.224" classname="ForgotPassword.Functions"/>
  <testcase name="GoBack" time="0.062" classname="ForgotPassword.Functions"/>
  <testcase name="EmailConfirmation" time="6.072" classname="ForgotPassword.Functions"/>
  <testcase name="ForgotPasswordTestCases" time="8.421" classname="ForgotPassword.Functions"/>
</testsuite> <!-- ForgotPassword.Functions -->
